0 silly argv {
0 silly argv   _: [ 'bootstrap' ],
0 silly argv   'npm-client': 'npm',
0 silly argv   npmClient: 'npm',
0 silly argv   lernaVersion: '4.0.0',
0 silly argv   '$0': '/Users/jsanders/@Development/iac-api/node_modules/.bin/lerna'
0 silly argv }
1 notice cli v4.0.0
2 verbose rootPath /Users/jsanders/@Development/iac-api
3 silly npmConfig {
3 silly npmConfig   registry: undefined,
3 silly npmConfig   npmClient: 'npm',
3 silly npmConfig   npmClientArgs: [],
3 silly npmConfig   mutex: undefined
3 silly npmConfig }
4 info Bootstrapping 2 packages
5 verbose lifecycle preinstall
6 silly lifecycle No script for "preinstall" in "@iac-factory/api-controller", continuing
7 silly lifecycle No script for "preinstall" in "@iac-factory/api-core", continuing
8 silly hasDependencyInstalled @iac-factory/api-controller esm
9 silly hasDependencyInstalled @iac-factory/api-core esm
10 silly root dependencies {}
11 silly leaf dependencies {}
12 info Installing external dependencies
13 verbose actions 2 actions, concurrency 16
14 silly npmInstallDependencies @iac-factory/api-controller [ 'esm@^3.2.25' ]
15 silly npmInstallDependencies backup /Users/jsanders/@Development/iac-api/packages/controller/package.json
16 silly npmInstallDependencies @iac-factory/api-core [ 'esm@^3.2.25' ]
17 silly npmInstallDependencies backup /Users/jsanders/@Development/iac-api/packages/core/package.json
18 error
